#
# There is insufficient memory for the Java Runtime Environment to continue.
# Native memory allocation (malloc) failed to allocate 562096 bytes for Chunk::new
# Possible reasons:
#   The system is out of physical RAM or swap space
#   The process is running with CompressedOops enabled, and the Java Heap may be blocking the growth of the native heap
# Possible solutions:
#   Reduce memory load on the system
#   Increase physical memory or swap space
#   Check if swap backing store is full
#   Decrease Java heap size (-Xmx/-Xms)
#   Decrease number of Java threads
#   Decrease Java thread stack sizes (-Xss)
#   Set larger code cache with -XX:ReservedCodeCacheSize=
#   JVM is running with Unscaled Compressed Oops mode in which the Java heap is
#     placed in the first 4GB address space. The Java Heap base address is the
#     maximum limit for the native heap growth. Please use -XX:HeapBaseMinAddress
#     to set the Java Heap base and to place the Java Heap above 4GB virtual address.
# This output file may be truncated or incomplete.
#
#  Out of Memory Error (./src/hotspot/share/memory/arena.cpp:197), pid=31560, tid=30044
#
# JRE version: OpenJDK Runtime Environment Corretto-11.0.17.8.1 (11.0.17+8) (build 11.0.17+8-LTS)
# Java VM: OpenJDK 64-Bit Server VM Corretto-11.0.17.8.1 (11.0.17+8-LTS, mixed mode, tiered, compressed oops, g1 gc, windows-amd64)
# No core dump will be written. Minidumps are not enabled by default on client versions of Windows
#

---------------  S U M M A R Y ------------

Command Line: -Dorg.gradle.internal.worker.tmpdir=E:\NTLG_Testing_Automation\HW_Card-Delivery-Selenide\build\tmp\test\work -Dorg.gradle.native=false -Dselenide.headless --add-opens=java.base/java.util=ALL-UNNAMED --add-opens=java.base/java.lang=ALL-UNNAMED -Xmx512m -Dfile.encoding=windows-1251 -Duser.country=RU -Duser.language=ru -Duser.variant -ea worker.org.gradle.process.internal.worker.GradleWorkerMain 'Gradle Test Executor 35'

Host: 11th Gen Intel(R) Core(TM) i7-11700F @ 2.50GHz, 16 cores, 15G,  Windows 10 , 64 bit Build 19041 (10.0.19041.546)
Time: Sat Apr 29 07:48:12 2023 RTZ 2 (s 10 , 64 bit Build 19041 (10.0.19041.546) elapsed time: 1.942989 seconds (0d 0h 0m 1s)

---------------  T H R E A D  ---------------

Current thread (0x000001e67c3df800):  JavaThread "C2 CompilerThread0" daemon [_thread_in_native, id=30044, stack(0x000000e30df00000,0x000000e30e000000)]


Current CompileTask:
C2:   1943 2764       4       java.lang.reflect.ProxyGenerator$ConstantPool::getUtf8 (18 bytes)

Stack: [0x000000e30df00000,0x000000e30e000000]
Native frames: (J=compiled Java code, j=interpreted, Vv=VM code, C=native code)
V  [jvm.dll+0x61f66a]
V  [jvm.dll+0x7ac889]
V  [jvm.dll+0x7adf78]
V  [jvm.dll+0x7ae653]
V  [jvm.dll+0x24fbe8]
V  [jvm.dll+0xc262c]
V  [jvm.dll+0xc2bec]
V  [jvm.dll+0x35a037]
V  [jvm.dll+0x325fc3]
V  [jvm.dll+0x3252fa]
V  [jvm.dll+0x209083]
V  [jvm.dll+0x20818d]
V  [jvm.dll+0x18a3c1]
V  [jvm.dll+0x217894]
V  [jvm.dll+0x215adb]
V  [jvm.dll+0x76f380]
V  [jvm.dll+0x7682b4]
V  [jvm.dll+0x61e4d5]
C  [ucrtbase.dll+0x214c2]
C  [KERNEL32.DLL+0x17034]
C  [ntdll.dll+0x4cec1]


---------------  P R O C E S S  ---------------

Threads class SMR info:
_java_thread_list=0x000001e67f8f27e0, length=30, elements={
0x000001e66e845800, 0x000001e67c350800, 0x000001e67c376800, 0x000001e67c3d8000,
0x000001e67c3dc000, 0x000001e67c3dd800, 0x000001e67c3df800, 0x000001e67c3e2800,
0x000001e67c3e3800, 0x000001e67bb0a000, 0x000001e67c5dd000, 0x000001e67cb98000,
0x000001e67cb9c000, 0x000001e67d02a800, 0x000001e67cfff000, 0x000001e67d1d7000,
0x000001e67f914000, 0x000001e67ecd4000, 0x000001e67f54b000, 0x000001e60f915800,
0x000001e67f0fc000, 0x000001e60f4ec800, 0x000001e60fe00000, 0x000001e67dd54800,
0x000001e67dd51800, 0x000001e67dd55800, 0x000001e67dd53000, 0x000001e67dd53800,
0x000001e67cb9b800, 0x000001e67cb99800
}

Java Threads: ( => current thread )
  0x000001e66e845800 JavaThread "Forwarding findElement on session fceda04655edff46b9ee59e7ef1e1e3a to remote" [_thread_blocked, id=30480, stack(0x000000e30d300000,0x000000e30d400000)]
  0x000001e67c350800 JavaThread "Reference Handler" daemon [_thread_blocked, id=30200, stack(0x000000e30da00000,0x000000e30db00000)]
  0x000001e67c376800 JavaThread "Finalizer" daemon [_thread_blocked, id=15132, stack(0x000000e30db00000,0x000000e30dc00000)]
  0x000001e67c3d8000 JavaThread "Signal Dispatcher" daemon [_thread_blocked, id=30208, stack(0x000000e30dc00000,0x000000e30dd00000)]
  0x000001e67c3dc000 JavaThread "Attach Listener" daemon [_thread_blocked, id=30072, stack(0x000000e30dd00000,0x000000e30de00000)]
  0x000001e67c3dd800 JavaThread "Service Thread" daemon [_thread_blocked, id=11692, stack(0x000000e30de00000,0x000000e30df00000)]
=>0x000001e67c3df800 JavaThread "C2 CompilerThread0" daemon [_thread_in_native, id=30044, stack(0x000000e30df00000,0x000000e30e000000)]
  0x000001e67c3e2800 JavaThread "C1 CompilerThread0" daemon [_thread_blocked, id=31324, stack(0x000000e30e000000,0x000000e30e100000)]
  0x000001e67c3e3800 JavaThread "Sweeper thread" daemon [_thread_blocked, id=11660, stack(0x000000e30e100000,0x000000e30e200000)]
  0x000001e67bb0a000 JavaThread "C1 CompilerThread1" daemon [_thread_blocked, id=31512, stack(0x000000e30e200000,0x000000e30e300000)]
  0x000001e67c5dd000 JavaThread "Common-Cleaner" daemon [_thread_blocked, id=30068, stack(0x000000e30e300000,0x000000e30e400000)]
  0x000001e67cb98000 JavaThread "C1 CompilerThread2" daemon [_thread_blocked, id=29128, stack(0x000000e30e600000,0x000000e30e700000)]
  0x000001e67cb9c000 JavaThread "C1 CompilerThread3" daemon [_thread_blocked, id=31408, stack(0x000000e30e700000,0x000000e30e800000)]
  0x000001e67d02a800 JavaThread "/127.0.0.1:55485 to /127.0.0.1:55484 workers" [_thread_blocked, id=30492, stack(0x000000e30e900000,0x000000e30ea00000)]
  0x000001e67cfff000 JavaThread "/127.0.0.1:55485 to /127.0.0.1:55484 workers Thread 2" [_thread_blocked, id=31372, stack(0x000000e30ea00000,0x000000e30eb00000)]
  0x000001e67d1d7000 JavaThread "/127.0.0.1:55485 to /127.0.0.1:55484 workers Thread 3" [_thread_in_native, id=31216, stack(0x000000e30eb00000,0x000000e30ec00000)]
  0x000001e67f914000 JavaThread "ForkJoinPool.commonPool-worker-19" daemon [_thread_blocked, id=30496, stack(0x000000e30f900000,0x000000e30fa00000)]
  0x000001e67ecd4000 JavaThread "AsyncHttpClient-1-1" daemon [_thread_blocked, id=23012, stack(0x000000e30fa00000,0x000000e30fb00000)]
  0x000001e67f54b000 JavaThread "Exec Default Executor" daemon [_thread_in_native, id=28372, stack(0x000000e30fb00000,0x000000e30fc00000)]
  0x000001e60f915800 JavaThread "Exec Stream Pumper" daemon [_thread_in_native, id=31736, stack(0x000000e30fc00000,0x000000e30fd00000)]
  0x000001e67f0fc000 JavaThread "Exec Stream Pumper" daemon [_thread_in_native, id=31620, stack(0x000000e30fd00000,0x000000e30fe00000)]
  0x000001e60f4ec800 JavaThread "Driver Service Executor" daemon [_thread_blocked, id=31624, stack(0x000000e30fe00000,0x000000e30ff00000)]
  0x000001e60fe00000 JavaThread "Driver Service Executor" daemon [_thread_blocked, id=30796, stack(0x000000e30ff00000,0x000000e310000000)]
  0x000001e67dd54800 JavaThread "UrlChecker-2" daemon [_thread_blocked, id=27052, stack(0x000000e310000000,0x000000e310100000)]
  0x000001e67dd51800 JavaThread "Keep-Alive-Timer" daemon [_thread_blocked, id=30344, stack(0x000000e310100000,0x000000e310200000)]
  0x000001e67dd55800 JavaThread "AsyncHttpClient-1-2" daemon [_thread_in_native, id=27544, stack(0x000000e310200000,0x000000e310300000)]
  0x000001e67dd53000 JavaThread "AsyncHttpClient-1-3" daemon [_thread_in_native, id=29844, stack(0x000000e30e500000,0x000000e30e600000)]
  0x000001e67dd53800 JavaThread "AsyncHttpClient-1-4" daemon [_thread_in_native, id=26720, stack(0x000000e30ec00000,0x000000e30ed00000)]
  0x000001e67cb9b800 JavaThread "C2 CompilerThread1" daemon [_thread_in_native, id=29896, stack(0x000000e30f600000,0x000000e30f700000)]
  0x000001e67cb99800 JavaThread "C2 CompilerThread2" daemon [_thread_blocked, id=29312, stack(0x000000e30f700000,0x000000e30f800000)]

Other Threads:
  0x000001e67c34f800 VMThread "VM Thread" [stack: 0x000000e30d900000,0x000000e30da00000] [id=30396]
  0x000001e67c60f000 WatcherThread [stack: 0x000000e30e400000,0x000000e30e500000] [id=28560]
  0x000001e66e860000 GCTaskThread "GC Thread#0" [stack: 0x000000e30d400000,0x000000e30d500000] [id=30624]
  0x000001e67d217800 GCTaskThread "GC Thread#1" [stack: 0x000000e30ed00000,0x000000e30ee00000] [id=7480]
  0x000001e67d3ba800 GCTaskThread "GC Thread#2" [stack: 0x000000e30ee00000,0x000000e30ef00000] [id=31648]
  0x000001e67d3bb000 GCTaskThread "GC Thread#3" [stack: 0x000000e30ef00000,0x000000e30f000000] [id=1732]
  0x000001e67d257000 GCTaskThread "GC Thread#4" [stack: 0x000000e30f000000,0x000000e30f100000] [id=29880]
  0x000001e67d258000 GCTaskThread "GC Thread#5" [stack: 0x000000e30f100000,0x000000e30f200000] [id=28192]
  0x000001e67d4eb800 GCTaskThread "GC Thread#6" [stack: 0x000000e30f200000,0x000000e30f300000] [id=27772]
  0x000001e67d4e7800 GCTaskThread "GC Thread#7" [stack: 0x000000e30f300000,0x000000e30f400000] [id=20408]
  0x000001e66e879000 ConcurrentGCThread "G1 Main Marker" [stack: 0x000000e30d500000,0x000000e30d600000] [id=24320]
  0x000001e66e87a800 ConcurrentGCThread "G1 Conc#0" [stack: 0x000000e30d600000,0x000000e30d700000] [id=25140]
  0x000001e67d4e9000 ConcurrentGCThread "G1 Conc#1" [stack: 0x000000e30f400000,0x000000e30f500000] [id=30596]
  0x000001e67d4ec000 ConcurrentGCThread "G1 Conc#2" [stack: 0x000000e30f500000,0x000000e30f600000] [id=31340]
  0x000001e67b9bc800 ConcurrentGCThread "G1 Refine#0" [stack: 0x000000e30d700000,0x000000e30d800000] [id=31120]
  0x000001e67b9bd000 ConcurrentGCThread "G1 Young RemSet Sampling" [stack: 0x000000e30d800000,0x000000e30d900000] [id=29980]

Threads with active compile tasks:
C2 CompilerThread0     1951 2764       4       java.lang.reflect.ProxyGenerator$ConstantPool::getUtf8 (18 bytes)
C2 CompilerThread1     1951 2771       4       java.lang.reflect.ProxyGenerator$ConstantPool::getIndirect (63 bytes)

VM state:not at safepoint (normal execution)

VM Mutex/Monitor currently owned by a thread: None

Heap address: 0x00000000e0000000, size: 512 MB, Compressed Oops mode: 32-bit
Narrow klass base: 0x0000000000000000, Narrow klass shift: 3
Compressed class space size: 1073741824 Address: 0x0000000100000000

Heap:
 garbage-first heap   total 260096K, used 78439K [0x00000000e0000000, 0x0000000100000000)
  region size 1024K, 66 young (67584K), 6 survivors (6144K)
 Metaspace       used 34167K, capacity 35300K, committed 35584K, reserved 1083392K
  class space    used 4043K, capacity 4483K, committed 4608K, reserved 1048576K
Heap Regions: E=young(eden), S=young(survivor), O=old, HS=humongous(starts), HC=humongous(continues), CS=collection set, F=free, A=archive, TAMS=top-at-mark-start (previous, next)
|   0|0x00000000e0000000, 0x00000000e0100000, 0x00000000e0100000|100%| O|  |TAMS 0x00000000e0100000, 0x00000000e0000000| Untracked 
|   1|0x00000000e0100000, 0x00000000e0200000, 0x00000000e0200000|100%| O|  |TAMS 0x00000000e0200000, 0x00000000e0100000| Untracked 
|   2|0x00000000e0200000, 0x00000000e0300000, 0x00000000e0300000|100%| O|  |TAMS 0x00000000e0300000, 0x00000000e0200000| Untracked 
|   3|0x00000000e0300000, 0x00000000e0400000, 0x00000000e0400000|100%| O|  |TAMS 0x00000000e03a2000, 0x00000000e0300000| Untracked 
|   4|0x00000000e0400000, 0x00000000e0500000, 0x00000000e0500000|100%| O|  |TAMS 0x00000000e0400000, 0x00000000e0400000| Untracked 
|   5|0x00000000e0500000, 0x00000000e0600000, 0x00000000e0600000|100%| O|  |TAMS 0x00000000e0500000, 0x00000000e0500000| Untracked 
|   6|0x00000000e0600000, 0x00000000e0699e00, 0x00000000e0700000| 60%| O|  |TAMS 0x00000000e0600000, 0x00000000e0600000| Untracked 
|   7|0x00000000e0700000, 0x00000000e0800000, 0x00000000e0800000|100%|HS|  |TAMS 0x00000000e0700000, 0x00000000e0700000| Complete 
|   8|0x00000000e0800000, 0x00000000e0900000, 0x00000000e0900000|100%|HC|  |TAMS 0x00000000e0800000, 0x00000000e0800000| Complete 
|   9|0x00000000e0900000, 0x00000000e0a00000, 0x00000000e0a00000|100%|HC|  |TAMS 0x00000000e0900000, 0x00000000e0900000| Complete 
|  10|0x00000000e0a00000, 0x00000000e0b00000, 0x00000000e0b00000|100%|HC|  |TAMS 0x00000000e0a00000, 0x00000000e0a00000| Complete 
|  11|0x00000000e0b00000, 0x00000000e0c00000, 0x00000000e0c00000|100%|HC|  |TAMS 0x00000000e0b00000, 0x00000000e0b00000| Complete 
|  12|0x00000000e0c00000, 0x00000000e0c00000, 0x00000000e0d00000|  0%| F|  |TAMS 0x00000000e0c00000, 0x00000000e0c00000| Untracked 
|  13|0x00000000e0d00000, 0x00000000e0d00000, 0x00000000e0e00000|  0%| F|  |TAMS 0x00000000e0d00000, 0x00000000e0d00000| Untracked 
|  14|0x00000000e0e00000, 0x00000000e0e00000, 0x00000000e0f00000|  0%| F|  |TAMS 0x00000000e0e00000, 0x00000000e0e00000| Untracked 
|  15|0x00000000e0f00000, 0x00000000e0f00000, 0x00000000e1000000|  0%| F|  |TAMS 0x00000000e0f00000, 0x00000000e0f00000| Untracked 
|  16|0x00000000e1000000, 0x00000000e1000000, 0x00000000e1100000|  0%| F|  |TAMS 0x00000000e1000000, 0x00000000e1000000| Untracked 
|  17|0x00000000e1100000, 0x00000000e1100000, 0x00000000e1200000|  0%| F|  |TAMS 0x00000000e1100000, 0x00000000e1100000| Untracked 
|  18|0x00000000e1200000, 0x00000000e1200000, 0x00000000e1300000|  0%| F|  |TAMS 0x00000000e1200000, 0x00000000e1200000| Untracked 
|  19|0x00000000e1300000, 0x00000000e1300000, 0x00000000e1400000|  0%| F|  |TAMS 0x00000000e1300000, 0x00000000e1300000| Untracked 
|  20|0x00000000e1400000, 0x00000000e1400000, 0x00000000e1500000|  0%| F|  |TAMS 0x00000000e1400000, 0x00000000e1400000| Untracked 
|  21|0x00000000e1500000, 0x00000000e1500000, 0x00000000e1600000|  0%| F|  |TAMS 0x00000000e1500000, 0x00000000e1500000| Untracked 
|  22|0x00000000e1600000, 0x00000000e1600000, 0x00000000e1700000|  0%| F|  |TAMS 0x00000000e1600000, 0x00000000e1600000| Untracked 
|  23|0x00000000e1700000, 0x00000000e1700000, 0x00000000e1800000|  0%| F|  |TAMS 0x00000000e1700000, 0x00000000e1700000| Untracked 
|  24|0x00000000e1800000, 0x00000000e1800000, 0x00000000e1900000|  0%| F|  |TAMS 0x00000000e1800000, 0x00000000e1800000| Untracked 
|  25|0x00000000e1900000, 0x00000000e1900000, 0x00000000e1a00000|  0%| F|  |TAMS 0x00000000e1900000, 0x00000000e1900000| Untracked 
|  26|0x00000000e1a00000, 0x00000000e1a00000, 0x00000000e1b00000|  0%| F|  |TAMS 0x00000000e1a00000, 0x00000000e1a00000| Untracked 
|  27|0x00000000e1b00000, 0x00000000e1b00000, 0x00000000e1c00000|  0%| F|  |TAMS 0x00000000e1b00000, 0x00000000e1b00000| Untracked 
|  28|0x00000000e1c00000, 0x00000000e1c00000, 0x00000000e1d00000|  0%| F|  |TAMS 0x00000000e1c00000, 0x00000000e1c00000| Untracked 
|  29|0x00000000e1d00000, 0x00000000e1d00000, 0x00000000e1e00000|  0%| F|  |TAMS 0x00000000e1d00000, 0x00000000e1d00000| Untracked 
|  30|0x00000000e1e00000, 0x00000000e1e00000, 0x00000000e1f00000|  0%| F|  |TAMS 0x00000000e1e00000, 0x00000000e1e00000| Untracked 
|  31|0x00000000e1f00000, 0x00000000e1f00000, 0x00000000e2000000|  0%| F|  |TAMS 0x00000000e1f00000, 0x00000000e1f00000| Untracked 
|  32|0x00000000e2000000, 0x00000000e2000000, 0x00000000e2100000|  0%| F|  |TAMS 0x00000000e2000000, 0x00000000e2000000| Untracked 
|  33|0x00000000e2100000, 0x00000000e2100000, 0x00000000e2200000|  0%| F|  |TAMS 0x00000000e2100000, 0x00000000e2100000| Untracked 
|  34|0x00000000e2200000, 0x00000000e2200000, 0x00000000e2300000|  0%| F|  |TAMS 0x00000000e2200000, 0x00000000e2200000| Untracked 
|  35|0x00000000e2300000, 0x00000000e2300000, 0x00000000e2400000|  0%| F|  |TAMS 0x00000000e2300000, 0x00000000e2300000| Untracked 
|  36|0x00000000e2400000, 0x00000000e2400000, 0x00000000e2500000|  0%| F|  |TAMS 0x00000000e2400000, 0x00000000e2400000| Untracked 
|  37|0x00000000e2500000, 0x00000000e2500000, 0x00000000e2600000|  0%| F|  |TAMS 0x00000000e2500000, 0x00000000e2500000| Untracked 
|  38|0x00000000e2600000, 0x00000000e2600000, 0x00000000e2700000|  0%| F|  |TAMS 0x00000000e2600000, 0x00000000e2600000| Untracked 
|  39|0x00000000e2700000, 0x00000000e2700000, 0x00000000e2800000|  0%| F|  |TAMS 0x00000000e2700000, 0x00000000e2700000| Untracked 
|  40|0x00000000e2800000, 0x00000000e2800000, 0x00000000e2900000|  0%| F|  |TAMS 0x00000000e2800000, 0x00000000e2800000| Untracked 
|  41|0x00000000e2900000, 0x00000000e2900000, 0x00000000e2a00000|  0%| F|  |TAMS 0x00000000e2900000, 0x00000000e2900000| Untracked 
|  42|0x00000000e2a00000, 0x00000000e2a00000, 0x00000000e2b00000|  0%| F|  |TAMS 0x00000000e2a00000, 0x00000000e2a00000| Untracked 
|  43|0x00000000e2b00000, 0x00000000e2b00000, 0x00000000e2c00000|  0%| F|  |TAMS 0x00000000e2b00000, 0x00000000e2b00000| Untracked 
|  44|0x00000000e2c00000, 0x00000000e2c00000, 0x00000000e2d00000|  0%| F|  |TAMS 0x00000000e2c00000, 0x00000000e2c00000| Untracked 
|  45|0x00000000e2d00000, 0x00000000e2d00000, 0x00000000e2e00000|  0%| F|  |TAMS 0x00000000e2d00000, 0x00000000e2d00000| Untracked 
|  46|0x00000000e2e00000, 0x00000000e2e00000, 0x00000000e2f00000|  0%| F|  |TAMS 0x00000000e2e00000, 0x00000000e2e00000| Untracked 
|  47|0x00000000e2f00000, 0x00000000e2f00000, 0x00000000e3000000|  0%| F|  |TAMS 0x00000000e2f00000, 0x00000000e2f00000| Untracked 
|  48|0x00000000e3000000, 0x00000000e3000000, 0x00000000e3100000|  0%| F|  |TAMS 0x00000000e3000000, 0x00000000e3000000| Untracked 
|  49|0x00000000e3100000, 0x00000000e3100000, 0x00000000e3200000|  0%| F|  |TAMS 0x00000000e3100000, 0x00000000e3100000| Untracked 
|  50|0x00000000e3200000, 0x00000000e3200000, 0x00000000e3300000|  0%| F|  |TAMS 0x00000000e3200000, 0x00000000e3200000| Untracked 
|  51|0x00000000e3300000, 0x00000000e3300000, 0x00000000e3400000|  0%| F|  |TAMS 0x00000000e3300000, 0x00000000e3300000| Untracked 
|  52|0x00000000e3400000, 0x00000000e3400000, 0x00000000e3500000|  0%| F|  |TAMS 0x00000000e3400000, 0x00000000e3400000| Untracked 
|  53|0x00000000e3500000, 0x00000000e3500000, 0x00000000e3600000|  0%| F|  |TAMS 0x00000000e3500000, 0x00000000e3500000| Untracked 
|  54|0x00000000e3600000, 0x00000000e3600000, 0x00000000e3700000|  0%| F|  |TAMS 0x00000000e3600000, 0x00000000e3600000| Untracked 
|  55|0x00000000e3700000, 0x00000000e3700000, 0x00000000e3800000|  0%| F|  |TAMS 0x00000000e3700000, 0x00000000e3700000| Untracked 
|  56|0x00000000e3800000, 0x00000000e3800000, 0x00000000e3900000|  0%| F|  |TAMS 0x00000000e3800000, 0x00000000e3800000| Untracked 
|  57|0x00000000e3900000, 0x00000000e3900000, 0x00000000e3a00000|  0%| F|  |TAMS 0x00000000e3900000, 0x00000000e3900000| Untracked 
|  58|0x00000000e3a00000, 0x00000000e3a00000, 0x00000000e3b00000|  0%| F|  |TAMS 0x00000000e3a00000, 0x00000000e3a00000| Untracked 
|  59|0x00000000e3b00000, 0x00000000e3b00000, 0x00000000e3c00000|  0%| F|  |TAMS 0x00000000e3b00000, 0x00000000e3b00000| Untracked 
|  60|0x00000000e3c00000, 0x00000000e3c00000, 0x00000000e3d00000|  0%| F|  |TAMS 0x00000000e3c00000, 0x00000000e3c00000| Untracked 
|  61|0x00000000e3d00000, 0x00000000e3d00000, 0x00000000e3e00000|  0%| F|  |TAMS 0x00000000e3d00000, 0x00000000e3d00000| Untracked 
|  62|0x00000000e3e00000, 0x00000000e3e00000, 0x00000000e3f00000|  0%| F|  |TAMS 0x00000000e3e00000, 0x00000000e3e00000| Untracked 
|  63|0x00000000e3f00000, 0x00000000e3f00000, 0x00000000e4000000|  0%| F|  |TAMS 0x00000000e3f00000, 0x00000000e3f00000| Untracked 
|  64|0x00000000e4000000, 0x00000000e4000000, 0x00000000e4100000|  0%| F|  |TAMS 0x00000000e4000000, 0x00000000e4000000| Untracked 
|  65|0x00000000e4100000, 0x00000000e4100000, 0x00000000e4200000|  0%| F|  |TAMS 0x00000000e4100000, 0x00000000e4100000| Untracked 
|  66|0x00000000e4200000, 0x00000000e4200000, 0x00000000e4300000|  0%| F|  |TAMS 0x00000000e4200000, 0x00000000e4200000| Untracked 
|  67|0x00000000e4300000, 0x00000000e4300000, 0x00000000e4400000|  0%| F|  |TAMS 0x00000000e4300000, 0x00000000e4300000| Untracked 
|  68|0x00000000e4400000, 0x00000000e4400000, 0x00000000e4500000|  0%| F|  |TAMS 0x00000000e4400000, 0x00000000e4400000| Untracked 
|  69|0x00000000e4500000, 0x00000000e4500000, 0x00000000e4600000|  0%| F|  |TAMS 0x00000000e4500000, 0x00000000e4500000| Untracked 
|  70|0x00000000e4600000, 0x00000000e4600000, 0x00000000e4700000|  0%| F|  |TAMS 0x00000000e4600000, 0x00000000e4600000| Untracked 
|  71|0x00000000e4700000, 0x00000000e4700000, 0x00000000e4800000|  0%| F|  |TAMS 0x00000000e4700000, 0x00000000e4700000| Untracked 
|  72|0x00000000e4800000, 0x00000000e4800000, 0x00000000e4900000|  0%| F|  |TAMS 0x00000000e4800000, 0x00000000e4800000| Untracked 
|  73|0x00000000e4900000, 0x00000000e4900000, 0x00000000e4a00000|  0%| F|  |TAMS 0x00000000e4900000, 0x00000000e4900000| Untracked 
|  74|0x00000000e4a00000, 0x00000000e4a00000, 0x00000000e4b00000|  0%| F|  |TAMS 0x00000000e4a00000, 0x00000000e4a00000| Untracked 
|  75|0x00000000e4b00000, 0x00000000e4b00000, 0x00000000e4c00000|  0%| F|  |TAMS 0x00000000e4b00000, 0x00000000e4b00000| Untracked 
|  76|0x00000000e4c00000, 0x00000000e4c00000, 0x00000000e4d00000|  0%| F|  |TAMS 0x00000000e4c00000, 0x00000000e4c00000| Untracked 
|  77|0x00000000e4d00000, 0x00000000e4d00000, 0x00000000e4e00000|  0%| F|  |TAMS 0x00000000e4d00000, 0x00000000e4d00000| Untracked 
|  78|0x00000000e4e00000, 0x00000000e4e00000, 0x00000000e4f00000|  0%| F|  |TAMS 0x00000000e4e00000, 0x00000000e4e00000| Untracked 
|  79|0x00000000e4f00000, 0x00000000e4f00000, 0x00000000e5000000|  0%| F|  |TAMS 0x00000000e4f00000, 0x00000000e4f00000| Untracked 
|  80|0x00000000e5000000, 0x00000000e5000000, 0x00000000e5100000|  0%| F|  |TAMS 0x00000000e5000000, 0x00000000e5000000| Untracked 
|  81|0x00000000e5100000, 0x00000000e5100000, 0x00000000e5200000|  0%| F|  |TAMS 0x00000000e5100000, 0x00000000e5100000| Untracked 
|  82|0x00000000e5200000, 0x00000000e5200000, 0x00000000e5300000|  0%| F|  |TAMS 0x00000000e5200000, 0x00000000e5200000| Untracked 
|  83|0x00000000e5300000, 0x00000000e5300000, 0x00000000e5400000|  0%| F|  |TAMS 0x00000000e5300000, 0x00000000e5300000| Untracked 
|  84|0x00000000e5400000, 0x00000000e5400000, 0x00000000e5500000|  0%| F|  |TAMS 0x00000000e5400000, 0x00000000e5400000| Untracked 
|  85|0x00000000e5500000, 0x00000000e5500000, 0x00000000e5600000|  0%| F|  |TAMS 0x00000000e5500000, 0x00000000e5500000| Untracked 
|  86|0x00000000e5600000, 0x00000000e5600000, 0x00000000e5700000|  0%| F|  |TAMS 0x00000000e5600000, 0x00000000e5600000| Untracked 
|  87|0x00000000e5700000, 0x00000000e5700000, 0x00000000e5800000|  0%| F|  |TAMS 0x00000000e5700000, 0x00000000e5700000| Untracked 
|  88|0x00000000e5800000, 0x00000000e5800000, 0x00000000e5900000|  0%| F|  |TAMS 0x00000000e5800000, 0x00000000e5800000| Untracked 
|  89|0x00000000e5900000, 0x00000000e5900000, 0x00000000e5a00000|  0%| F|  |TAMS 0x00000000e5900000, 0x00000000e5900000| Untracked 
|  90|0x00000000e5a00000, 0x00000000e5a00000, 0x00000000e5b00000|  0%| F|  |TAMS 0x00000000e5a00000, 0x00000000e5a00000| Untracked 
|  91|0x00000000e5b00000, 0x00000000e5b00000, 0x00000000e5c00000|  0%| F|  |TAMS 0x00000000e5b00000, 0x00000000e5b00000| Untracked 
|  92|0x00000000e5c00000, 0x00000000e5c00000, 0x00000000e5d00000|  0%| F|  |TAMS 0x00000000e5c00000, 0x00000000e5c00000| Untracked 
|  93|0x00000000e5d00000, 0x00000000e5d00000, 0x00000000e5e00000|  0%| F|  |TAMS 0x00000000e5d00000, 0x00000000e5d00000| Untracked 
|  94|0x00000000e5e00000, 0x00000000e5e00000, 0x00000000e5f00000|  0%| F|  |TAMS 0x00000000e5e00000, 0x00000000e5e00000| Untracked 
|  95|0x00000000e5f00000, 0x00000000e5f00000, 0x00000000e6000000|  0%| F|  |TAMS 0x00000000e5f00000, 0x00000000e5f00000| Untracked 
|  96|0x00000000e6000000, 0x00000000e6000000, 0x00000000e6100000|  0%| F|  |TAMS 0x00000000e6000000, 0x00000000e6000000| Untracked 
|  97|0x00000000e6100000, 0x00000000e6100000, 0x00000000e6200000|  0%| F|  |TAMS 0x00000000e6100000, 0x00000000e6100000| Untracked 
|  98|0x00000000e6200000, 0x00000000e6200000, 0x00000000e6300000|  0%| F|  |TAMS 0x00000000e6200000, 0x00000000e6200000| Untracked 
|  99|0x00000000e6300000, 0x00000000e6300000, 0x00000000e6400000|  0%| F|  |TAMS 0x00000000e6300000, 0x00000000e6300000| Untracked 
| 100|0x00000000e6400000, 0x00000000e6400000, 0x00000000e6500000|  0%| F|  |TAMS 0x00000000e6400000, 0x00000000e6400000| Untracked 
| 101|0x00000000e6500000, 0x00000000e6500000, 0x00000000e6600000|  0%| F|  |TAMS 0x00000000e6500000, 0x00000000e6500000| Untracked 
| 102|0x00000000e6600000, 0x00000000e6600000, 0x00000000e6700000|  0%| F|  |TAMS 0x00000000e6600000, 0x00000000e6600000| Untracked 
| 103|0x00000000e6700000, 0x00000000e6700000, 0x00000000e6800000|  0%| F|  |TAMS 0x00000000e6700000, 0x00000000e6700000| Untracked 
| 104|0x00000000e6800000, 0x00000000e6800000, 0x00000000e6900000|  0%| F|  |TAMS 0x00000000e6800000, 0x00000000e6800000| Untracked 
| 105|0x00000000e6900000, 0x00000000e6900000, 0x00000000e6a00000|  0%| F|  |TAMS 0x00000000e6900000, 0x00000000e6900000| Untracked 
| 106|0x00000000e6a00000, 0x00000000e6a00000, 0x00000000e6b00000|  0%| F|  |TAMS 0x00000000e6a00000, 0x00000000e6a00000| Untracked 
| 107|0x00000000e6b00000, 0x00000000e6b00000, 0x00000000e6c00000|  0%| F|  |TAMS 0x00000000e6b00000, 0x00000000e6b00000| Untracked 
| 108|0x00000000e6c00000, 0x00000000e6c00000, 0x00000000e6d00000|  0%| F|  |TAMS 0x00000000e6c00000, 0x00000000e6c00000| Untracked 
| 109|0x00000000e6d00000, 0x00000000e6d00000, 0x00000000e6e00000|  0%| F|  |TAMS 0x00000000e6d00000, 0x00000000e6d00000| Untracked 
| 110|0x00000000e6e00000, 0x00000000e6e00000, 0x00000000e6f00000|  0%| F|  |TAMS 0x00000000e6e00000, 0x00000000e6e00000| Untracked 
| 111|0x00000000e6f00000, 0x00000000e6f00000, 0x00000000e7000000|  0%| F|  |TAMS 0x00000000e6f00000, 0x00000000e6f00000| Untracked 
| 112|0x00000000e7000000, 0x00000000e7000000, 0x00000000e7100000|  0%| F|  |TAMS 0x00000000e7000000, 0x00000000e7000000| Untracked 
| 113|0x00000000e7100000, 0x00000000e7100000, 0x00000000e7200000|  0%| F|  |TAMS 0x00000000e7100000, 0x00000000e7100000| Untracked 
| 114|0x00000000e7200000, 0x00000000e7200000, 0x00000000e7300000|  0%| F|  |TAMS 0x00000000e7200000, 0x00000000e7200000| Untracked 
| 115|0x00000000e7300000, 0x00000000e7300000, 0x00000000e7400000|  0%| F|  |TAMS 0x00000000e7300000, 0x00000000e7300000| Untracked 
| 116|0x00000000e7400000, 0x00000000e7400000, 0x00000000e7500000|  0%| F|  |TAMS 0x00000000e7400000, 0x00000000e7400000| Untracked 
| 117|0x00000000e7500000, 0x00000000e7500000, 0x00000000e7600000|  0%| F|  |TAMS 0x00000000e7500000, 0x00000000e7500000| Untracked 
| 118|0x00000000e7600000, 0x00000000e7600000, 0x00000000e7700000|  0%| F|  |TAMS 0x00000000e7600000, 0x00000000e7600000| Untracked 
| 119|0x00000000e7700000, 0x00000000e7700000, 0x00000000e7800000|  0%| F|  |TAMS 0x00000000e7700000, 0x00000000e7700000| Untracked 
| 120|0x00000000e7800000, 0x00000000e7800000, 0x00000000e7900000|  0%| F|  |TAMS 0x00000000e7800000, 0x00000000e7800000| Untracked 
| 121|0x00000000e7900000, 0x00000000e7900000, 0x00000000e7a00000|  0%| F|  |TAMS 0x00000000e7900000, 0x00000000e7900000| Untracked 
| 122|0x00000000e7a00000, 0x00000000e7a00000, 0x00000000e7b00000|  0%| F|  |TAMS 0x00000000e7a00000, 0x00000000e7a00000| Untracked 
| 123|0x00000000e7b00000, 0x00000000e7b00000, 0x00000000e7c00000|  0%| F|  |TAMS 0x00000000e7b00000, 0x00000000e7b00000| Untracked 
| 124|0x00000000e7c00000, 0x00000000e7c00000, 0x00000000e7d00000|  0%| F|  |TAMS 0x00000000e7c00000, 0x00000000e7c00000| Untracked 
| 125|0x00000000e7d00000, 0x00000000e7d00000, 0x00000000e7e00000|  0%| F|  |TAMS 0x00000000e7d00000, 0x00000000e7d00000| Untracked 
| 126|0x00000000e7e00000, 0x00000000e7e00000, 0x00000000e7f00000|  0%| F|  |TAMS 0x00000000e7e00000, 0x00000000e7e00000| Untracked 
| 127|0x00000000e7f00000, 0x00000000e7f00000, 0x00000000e8000000|  0%| F|  |TAMS 0x00000000e7f00000, 0x00000000e7f00000| Untracked 
| 128|0x00000000e8000000, 0x00000000e8000000, 0x00000000e8100000|  0%| F|  |TAMS 0x00000000e8000000, 0x00000000e8000000| Untracked 
| 129|0x00000000e8100000, 0x00000000e8100000, 0x00000000e8200000|  0%| F|  |TAMS 0x00000000e8100000, 0x00000000e8100000| Untracked 
| 130|0x00000000e8200000, 0x00000000e8200000, 0x00000000e8300000|  0%| F|  |TAMS 0x00000000e8200000, 0x00000000e8200000| Untracked 
| 131|0x00000000e8300000, 0x00000000e8300000, 0x00000000e8400000|  0%| F|  |TAMS 0x00000000e8300000, 0x00000000e8300000| Untracked 
| 132|0x00000000e8400000, 0x00000000e8400000, 0x00000000e8500000|  0%| F|  |TAMS 0x00000000e8400000, 0x00000000e8400000| Untracked 
| 133|0x00000000e8500000, 0x00000000e8500000, 0x00000000e8600000|  0%| F|  |TAMS 0x00000000e8500000, 0x00000000e8500000| Untracked 
| 134|0x00000000e8600000, 0x00000000e8600000, 0x00000000e8700000|  0%| F|  |TAMS 0x00000000e8600000, 0x00000000e8600000| Untracked 
| 135|0x00000000e8700000, 0x00000000e8700000, 0x00000000e8800000|  0%| F|  |TAMS 0x00000000e8700000, 0x00000000e8700000| Untracked 
| 136|0x00000000e8800000, 0x00000000e8800000, 0x00000000e8900000|  0%| F|  |TAMS 0x00000000e8800000, 0x00000000e8800000| Untracked 
| 137|0x00000000e8900000, 0x00000000e8900000, 0x00000000e8a00000|  0%| F|  |TAMS 0x00000000e8900000, 0x00000000e8900000| Untracked 
| 138|0x00000000e8a00000, 0x00000000e8a00000, 0x00000000e8b00000|  0%| F|  |TAMS 0x00000000e8a00000, 0x00000000e8a00000| Untracked 
| 139|0x00000000e8b00000, 0x00000000e8b00000, 0x00000000e8c00000|  0%| F|  |TAMS 0x00000000e8b00000, 0x00000000e8b00000| Untracked 
| 140|0x00000000e8c00000, 0x00000000e8c00000, 0x00000000e8d00000|  0%| F|  |TAMS 0x00000000e8c00000, 0x00000000e8c00000| Untracked 
| 141|0x00000000e8d00000, 0x00000000e8d00000, 0x00000000e8e00000|  0%| F|  |TAMS 0x00000000e8d00000, 0x00000000e8d00000| Untracked 
| 142|0x00000000e8e00000, 0x00000000e8e00000, 0x00000000e8f00000|  0%| F|  |TAMS 0x00000000e8e00000, 0x00000000e8e00000| Untracked 
| 143|0x00000000e8f00000, 0x00000000e8f00000, 0x00000000e9000000|  0%| F|  |TAMS 0x00000000e8f00000, 0x00000000e8f00000| Untracked 
| 144|0x00000000e9000000, 0x00000000e9000000, 0x00000000e9100000|  0%| F|  |TAMS 0x00000000e9000000, 0x00000000e9000000| Untracked 
| 145|0x00000000e9100000, 0x00000000e9100000, 0x00000000e9200000|  0%| F|  |TAMS 0x00000000e9100000, 0x00000000e9100000| Untracked 
| 146|0x00000000e9200000, 0x00000000e9200000, 0x00000000e9300000|  0%| F|  |TAMS 0x00000000e9200000, 0x00000000e9200000| Untracked 
| 147|0x00000000e9300000, 0x00000000e9300000, 0x00000000e9400000|  0%| F|  |TAMS 0x00000000e9300000, 0x00000000e9300000| Untracked 
| 148|0x00000000e9400000, 0x00000000e9400000, 0x00000000e9500000|  0%| F|  |TAMS 0x00000000e9400000, 0x00000000e9400000| Untracked 
| 149|0x00000000e9500000, 0x00000000e9500000, 0x00000000e9600000|  0%| F|  |TAMS 0x00000000e9500000, 0x00000000e9500000| Untracked 
| 150|0x00000000e9600000, 0x00000000e9600000, 0x00000000e9700000|  0%| F|  |TAMS 0x00000000e9600000, 0x00000000e9600000| Untracked 
| 151|0x00000000e9700000, 0x00000000e9700000, 0x00000000e9800000|  0%| F|  |TAMS 0x00000000e9700000, 0x00000000e9700000| Untracked 
| 152|0x00000000e9800000, 0x00000000e9800000, 0x00000000e9900000|  0%| F|  |TAMS 0x00000000e9800000, 0x00000000e9800000| Untracked 
| 153|0x00000000e9900000, 0x00000000e9900000, 0x00000000e9a00000|  0%| F|  |TAMS 0x00000000e9900000, 0x00000000e9900000| Untracked 
| 154|0x00000000e9a00000, 0x00000000e9a00000, 0x00000000e9b00000|  0%| F|  |TAMS 0x00000000e9a00000, 0x00000000e9a00000| Untracked 
| 155|0x00000000e9b00000, 0x00000000e9b00000, 0x00000000e9c00000|  0%| F|  |TAMS 0x00000000e9b00000, 0x00000000e9b00000| Untracked 
| 156|0x00000000e9c00000, 0x00000000e9c00000, 0x00000000e9d00000|  0%| F|  |TAMS 0x00000000e9c00000, 0x00000000e9c00000| Untracked 
| 157|0x00000000e9d00000, 0x00000000e9d00000, 0x00000000e9e00000|  0%| F|  |TAMS 0x00000000e9d00000, 0x00000000e9d00000| Untracked 
| 158|0x00000000e9e00000, 0x00000000e9e00000, 0x00000000e9f00000|  0%| F|  |TAMS 0x00000000e9e00000, 0x00000000e9e00000| Untracked 
| 159|0x00000000e9f00000, 0x00000000e9f00000, 0x00000000ea000000|  0%| F|  |TAMS 0x00000000e9f00000, 0x00000000e9f00000| Untracked 
| 160|0x00000000ea000000, 0x00000000ea000000, 0x00000000ea100000|  0%| F|  |TAMS 0x00000000ea000000, 0x00000000ea000000| Untracked 
| 161|0x00000000ea100000, 0x00000000ea100000, 0x00000000ea200000|  0%| F|  |TAMS 0x00000000ea100000, 0x00000000ea100000| Untracked 
| 162|0x00000000ea200000, 0x00000000ea200000, 0x00000000ea300000|  0%| F|  |TAMS 0x00000000ea200000, 0x00000000ea200000| Untracked 
| 163|0x00000000ea300000, 0x00000000ea300000, 0x00000000ea400000|  0%| F|  |TAMS 0x00000000ea300000, 0x00000000ea300000| Untracked 
| 164|0x00000000ea400000, 0x00000000ea400000, 0x00000000ea500000|  0%| F|  |TAMS 0x00000000ea400000, 0x00000000ea400000| Untracked 
| 165|0x00000000ea500000, 0x00000000ea500000, 0x00000000ea600000|  0%| F|  |TAMS 0x00000000ea500000, 0x00000000ea500000| Untracked 
| 166|0x00000000ea600000, 0x00000000ea600000, 0x00000000ea700000|  0%| F|  |TAMS 0x00000000ea600000, 0x00000000ea600000| Untracked 
| 167|0x00000000ea700000, 0x00000000ea700000, 0x00000000ea800000|  0%| F|  |TAMS 0x00000000ea700000, 0x00000000ea700000| Untracked 
| 168|0x00000000ea800000, 0x00000000ea800000, 0x00000000ea900000|  0%| F|  |TAMS 0x00000000ea800000, 0x00000000ea800000| Untracked 
| 169|0x00000000ea900000, 0x00000000ea900000, 0x00000000eaa00000|  0%| F|  |TAMS 0x00000000ea900000, 0x00000000ea900000| Untracked 
| 170|0x00000000eaa00000, 0x00000000eaa00000, 0x00000000eab00000|  0%| F|  |TAMS 0x00000000eaa00000, 0x00000000eaa00000| Untracked 
| 171|0x00000000eab00000, 0x00000000eab00000, 0x00000000eac00000|  0%| F|  |TAMS 0x00000000eab00000, 0x00000000eab00000| Untracked 
| 172|0x00000000eac00000, 0x00000000eac00000, 0x00000000ead00000|  0%| F|  |TAMS 0x00000000eac00000, 0x00000000eac00000| Untracked 
| 173|0x00000000ead00000, 0x00000000ead00000, 0x00000000eae00000|  0%| F|  |TAMS 0x00000000ead00000, 0x00000000ead00000| Untracked 
| 174|0x00000000eae00000, 0x00000000eae00000, 0x00000000eaf00000|  0%| F|  |TAMS 0x00000000eae00000, 0x00000000eae00000| Untracked 
| 175|0x00000000eaf00000, 0x00000000eaf00000, 0x00000000eb000000|  0%| F|  |TAMS 0x00000000eaf00000, 0x00000000eaf00000| Untracked 
| 176|0x00000000eb000000, 0x00000000eb000000, 0x00000000eb100000|  0%| F|  |TAMS 0x00000000eb000000, 0x00000000eb000000| Untracked 
| 177|0x00000000eb100000, 0x00000000eb100000, 0x00000000eb200000|  0%| F|  |TAMS 0x00000000eb100000, 0x00000000eb100000| Untracked 
| 178|0x00000000eb200000, 0x00000000eb200000, 0x00000000eb300000|  0%| F|  |TAMS 0x00000000eb200000, 0x00000000eb200000| Untracked 
| 179|0x00000000eb300000, 0x00000000eb300000, 0x00000000eb400000|  0%| F|  |TAMS 0x00000000eb300000, 0x00000000eb300000| Untracked 
| 180|0x00000000eb400000, 0x00000000eb400000, 0x00000000eb500000|  0%| F|  |TAMS 0x00000000eb400000, 0x00000000eb400000| Untracked 
| 181|0x00000000eb500000, 0x00000000eb500000, 0x00000000eb600000|  0%| F|  |TAMS 0x00000000eb500000, 0x00000000eb500000| Untracked 
| 182|0x00000000eb600000, 0x00000000eb600000, 0x00000000eb700000|  0%| F|  |TAMS 0x00000000eb600000, 0x00000000eb600000| Untracked 
| 183|0x00000000eb700000, 0x00000000eb700000, 0x00000000eb800000|  0%| F|  |TAMS 0x00000000eb700000, 0x00000000eb700000| Untracked 
| 184|0x00000000eb800000, 0x00000000eb800000, 0x00000000eb900000|  0%| F|  |TAMS 0x00000000eb800000, 0x00000000eb800000| Untracked 
| 185|0x00000000eb900000, 0x00000000eb900000, 0x00000000eba00000|  0%| F|  |TAMS 0x00000000eb900000, 0x00000000eb900000| Untracked 
| 186|0x00000000eba00000, 0x00000000eba00000, 0x00000000ebb00000|  0%| F|  |TAMS 0x00000000eba00000, 0x00000000eba00000| Untracked 
| 187|0x00000000ebb00000, 0x00000000ebb00000, 0x00000000ebc00000|  0%| F|  |TAMS 0x00000000ebb00000, 0x00000000ebb00000| Untracked 
| 188|0x00000000ebc00000, 0x00000000ebc80800, 0x00000000ebd00000| 50%| E|  |TAMS 0x00000000ebc00000, 0x00000000ebc00000| Complete 
| 189|0x00000000ebd00000, 0x00000000ebe00000, 0x00000000ebe00000|100%| E|CS|TAMS 0x00000000ebd00000, 0x00000000ebd00000| Complete 
| 190|0x00000000ebe00000, 0x00000000ebf00000, 0x00000000ebf00000|100%| E|CS|TAMS 0x00000000ebe00000, 0x00000000ebe00000| Complete 
| 191|0x00000000ebf00000, 0x00000000ec000000, 0x00000000ec000000|100%| E|CS|TAMS 0x00000000ebf00000, 0x00000000ebf00000| Complete 
| 192|0x00000000ec000000, 0x00000000ec100000, 0x00000000ec100000|100%| E|CS|TAMS 0x00000000ec000000, 0x00000000ec000000| Complete 
| 193|0x00000000ec100000, 0x00000000ec200000, 0x00000000ec200000|100%| E|CS|TAMS 0x00000000ec100000, 0x00000000ec100000| Complete 
| 194|0x00000000ec200000, 0x00000000ec300000, 0x00000000ec300000|100%| E|CS|TAMS 0x00000000ec200000, 0x00000000ec200000| Complete 
| 195|0x00000000ec300000, 0x00000000ec400000, 0x00000000ec400000|100%| E|CS|TAMS 0x00000000ec300000, 0x00000000ec300000| Complete 
| 196|0x00000000ec400000, 0x00000000ec500000, 0x00000000ec500000|100%| E|CS|TAMS 0x00000000ec400000, 0x00000000ec400000| Complete 
| 197|0x00000000ec500000, 0x00000000ec600000, 0x00000000ec600000|100%| E|CS|TAMS 0x00000000ec500000, 0x00000000ec500000| Complete 
| 198|0x00000000ec600000, 0x00000000ec700000, 0x00000000ec700000|100%| E|CS|TAMS 0x00000000ec600000, 0x00000000ec600000| Complete 
| 199|0x00000000ec700000, 0x00000000ec800000, 0x00000000ec800000|100%| E|CS|TAMS 0x00000000ec700000, 0x00000000ec700000| Complete 
| 200|0x00000000ec800000, 0x00000000ec900000, 0x00000000ec900000|100%| S|CS|TAMS 0x00000000ec800000, 0x00000000ec800000| Complete 
| 201|0x00000000ec900000, 0x00000000eca00000, 0x00000000eca00000|100%| S|CS|TAMS 0x00000000ec900000, 0x00000000ec900000| Complete 
| 202|0x00000000eca00000, 0x00000000ecb00000, 0x00000000ecb00000|100%| S|CS|TAMS 0x00000000eca00000, 0x00000000eca00000| Complete 
| 203|0x00000000ecb00000, 0x00000000ecc00000, 0x00000000ecc00000|100%| S|CS|TAMS 0x00000000ecb00000, 0x00000000ecb00000| Complete 
| 204|0x00000000ecc00000, 0x00000000ecd00000, 0x00000000ecd00000|100%| S|CS|TAMS 0x00000000ecc00000, 0x00000000ecc00000| Complete 
| 205|0x00000000ecd00000, 0x00000000ece00000, 0x00000000ece00000|100%| S|CS|TAMS 0x00000000ecd00000, 0x00000000ecd00000| Complete 
| 206|0x00000000ece00000, 0x00000000ecf00000, 0x00000000ecf00000|100%| E|CS|TAMS 0x00000000ece00000, 0x00000000ece00000| Complete 
| 207|0x00000000ecf00000, 0x00000000ed000000, 0x00000000ed000000|100%| E|CS|TAMS 0x00000000ecf00000, 0x00000000ecf00000| Complete 
| 208|0x00000000ed000000, 0x00000000ed100000, 0x00000000ed100000|100%| E|CS|TAMS 0x00000000ed000000, 0x00000000ed000000| Complete 
| 209|0x00000000ed100000, 0x00000000ed200000, 0x00000000ed200000|100%| E|CS|TAMS 0x00000000ed100000, 0x00000000ed100000| Complete 
| 210|0x00000000ed200000, 0x00000000ed300000, 0x00000000ed300000|100%| E|CS|TAMS 0x00000000ed200000, 0x00000000ed200000| Complete 
| 211|0x00000000ed300000, 0x00000000ed400000, 0x00000000ed400000|100%| E|CS|TAMS 0x00000000ed300000, 0x00000000ed300000| Complete 
| 212|0x00000000ed400000, 0x00000000ed500000, 0x00000000ed500000|100%| E|CS|TAMS 0x00000000ed400000, 0x00000000ed400000| Complete 
| 213|0x00000000ed500000, 0x00000000ed600000, 0x00000000ed600000|100%| E|CS|TAMS 0x00000000ed500000, 0x00000000ed500000| Complete 
| 214|0x00000000ed600000, 0x00000000ed700000, 0x00000000ed700000|100%| E|CS|TAMS 0x00000000ed600000, 0x00000000ed600000| Complete 
| 215|0x00000000ed700000, 0x00000000ed800000, 0x00000000ed800000|100%| E|CS|TAMS 0x00000000ed700000, 0x00000000ed700000| Complete 
| 216|0x00000000ed800000, 0x00000000ed900000, 0x00000000ed900000|100%| E|CS|TAMS 0x00000000ed800000, 0x00000000ed800000| Complete 
| 217|0x00000000ed900000, 0x00000000eda00000, 0x00000000eda00000|100%| E|CS|TAMS 0x00000000ed900000, 0x00000000ed900000| Complete 
| 218|0x00000000eda00000, 0x00000000edb00000, 0x00000000edb00000|100%| E|CS|TAMS 0x00000000eda00000, 0x00000000eda00000| Complete 
| 219|0x00000000edb00000, 0x00000000edc00000, 0x00000000edc00000|100%| E|CS|TAMS 0x00000000edb00000, 0x00000000edb00000| Complete 
| 220|0x00000000edc00000, 0x00000000edd00000, 0x00000000edd00000|100%| E|CS|TAMS 0x00000000edc00000, 0x00000000edc00000| Complete 
| 221|0x00000000edd00000, 0x00000000ede00000, 0x00000000ede00000|100%| E|CS|TAMS 0x00000000edd00000, 0x00000000edd00000| Complete 
| 222|0x00000000ede00000, 0x00000000edf00000, 0x00000000edf00000|100%| E|CS|TAMS 0x00000000ede00000, 0x00000000ede00000| Complete 
| 223|0x00000000edf00000, 0x00000000ee000000, 0x00000000ee000000|100%| E|CS|TAMS 0x00000000edf00000, 0x00000000edf00000| Complete 
| 224|0x00000000ee000000, 0x00000000ee100000, 0x00000000ee100000|100%| E|CS|TAMS 0x00000000ee000000, 0x00000000ee000000| Complete 
| 225|0x00000000ee100000, 0x00000000ee200000, 0x00000000ee200000|100%| E|CS|TAMS 0x00000000ee100000, 0x00000000ee100000| Complete 
| 226|0x00000000ee200000, 0x00000000ee300000, 0x00000000ee300000|100%| E|CS|TAMS 0x00000000ee200000, 0x00000000ee200000| Complete 
| 227|0x00000000ee300000, 0x00000000ee400000, 0x00000000ee400000|100%| E|CS|TAMS 0x00000000ee300000, 0x00000000ee300000| Complete 
| 228|0x00000000ee400000, 0x00000000ee500000, 0x00000000ee500000|100%| E|CS|TAMS 0x00000000ee400000, 0x00000000ee400000| Complete 
| 229|0x00000000ee500000, 0x00000000ee600000, 0x00000000ee600000|100%| E|CS|TAMS 0x00000000ee500000, 0x00000000ee500000| Complete 
| 230|0x00000000ee600000, 0x00000000ee700000, 0x00000000ee700000|100%| E|CS|TAMS 0x00000000ee600000, 0x00000000ee600000| Complete 
| 231|0x00000000ee700000, 0x00000000ee800000, 0x00000000ee800000|100%| E|CS|TAMS 0x00000000ee700000, 0x00000000ee700000| Complete 
| 232|0x00000000ee800000, 0x00000000ee900000, 0x00000000ee900000|100%| E|CS|TAMS 0x00000000ee800000, 0x00000000ee800000| Complete 
| 233|0x00000000ee900000, 0x00000000eea00000, 0x00000000eea00000|100%| E|CS|TAMS 0x00000000ee900000, 0x00000000ee900000| Complete 
| 234|0x00000000eea00000, 0x00000000eeb00000, 0x00000000eeb00000|100%| E|CS|TAMS 0x00000000eea00000, 0x00000000eea00000| Complete 
| 235|0x00000000eeb00000, 0x00000000eec00000, 0x00000000eec00000|100%| E|CS|TAMS 0x00000000eeb00000, 0x00000000eeb00000| Complete 
| 236|0x00000000eec00000, 0x00000000eed00000, 0x00000000eed00000|100%| E|CS|TAMS 0x00000000eec00000, 0x00000000eec00000| Complete 
| 237|0x00000000eed00000, 0x00000000eee00000, 0x00000000eee00000|100%| E|CS|TAMS 0x00000000eed00000, 0x00000000eed00000| Complete 
| 238|0x00000000eee00000, 0x00000000eef00000, 0x00000000eef00000|100%| E|CS|TAMS 0x00000000eee00000, 0x00000000eee00000| Complete 
| 239|0x00000000eef00000, 0x00000000ef000000, 0x00000000ef000000|100%| E|CS|TAMS 0x00000000eef00000, 0x00000000eef00000| Complete 
| 240|0x00000000ef000000, 0x00000000ef100000, 0x00000000ef100000|100%| E|CS|TAMS 0x00000000ef000000, 0x00000000ef000000| Complete 
| 241|0x00000000ef100000, 0x00000000ef200000, 0x00000000ef200000|100%| E|CS|TAMS 0x00000000ef100000, 0x00000000ef100000| Complete 
| 242|0x00000000ef200000, 0x00000000ef300000, 0x00000000ef300000|100%| E|CS|TAMS 0x00000000ef200000, 0x00000000ef200000| Complete 
| 243|0x00000000ef300000, 0x00000000ef400000, 0x00000000ef400000|100%| E|CS|TAMS 0x00000000ef300000, 0x00000000ef300000| Complete 
| 244|0x00000000ef400000, 0x00000000ef500000, 0x00000000ef500000|100%| E|CS|TAMS 0x00000000ef400000, 0x00000000ef400000| Complete 
| 245|0x00000000ef500000, 0x00000000ef600000, 0x00000000ef600000|100%| E|CS|TAMS 0x00000000ef500000, 0x00000000ef500000| Complete 
| 246|0x00000000ef600000, 0x00000000ef700000, 0x00000000ef700000|100%| E|CS|TAMS 0x00000000ef600000, 0x00000000ef600000| Complete 
| 247|0x00000000ef700000, 0x00000000ef800000, 0x00000000ef800000|100%| E|CS|TAMS 0x00000000ef700000, 0x00000000ef700000| Complete 
| 248|0x00000000ef800000, 0x00000000ef900000, 0x00000000ef900000|100%| E|CS|TAMS 0x00000000ef800000, 0x00000000ef800000| Complete 
| 249|0x00000000ef900000, 0x00000000efa00000, 0x00000000efa00000|100%| E|CS|TAMS 0x00000000ef900000, 0x00000000ef900000| Complete 
| 250|0x00000000efa00000, 0x00000000efb00000, 0x00000000efb00000|100%| E|CS|TAMS 0x00000000efa00000, 0x00000000efa00000| Complete 
| 251|0x00000000efb00000, 0x00000000efc00000, 0x00000000efc00000|100%| E|CS|TAMS 0x00000000efb00000, 0x00000000efb00000| Complete 
| 252|0x00000000efc00000, 0x00000000efd00000, 0x00000000efd00000|100%| E|CS|TAMS 0x00000000efc00000, 0x00000000efc00000| Complete 
| 253|0x00000000efd00000, 0x00000000efe00000, 0x00000000efe00000|100%| E|CS|TAMS 0x00000000efd00000, 0x00000000efd00000| Complete 

Card table byte_map: [0x000001e677940000,0x000001e677a40000] _byte_map_base: 0x000001e677240000

Marking Bits (Prev, Next): (CMBitMap*) 0x000001e66e8764c0, (CMBitMap*) 0x000001e66e876488
 Prev Bits: [0x000001e678340000, 0x000001e678b40000)
 Next Bits: [0x000001e677b40000, 0x000001e678340000)

Polling page: 0x000001e66c830000

Metaspace:

Usage:
  Non-class:     30.09 MB capacity,    29.42 MB ( 98%) used,   572.75 KB (  2%) free+waste,   120.44 KB ( <1%) overhead. 
      Class:      4.38 MB capacity,     3.95 MB ( 90%) used,   379.95 KB (  8%) free+waste,    59.50 KB (  1%) overhead. 
       Both:     34.47 MB capacity,    33.37 MB ( 97%) used,   952.70 KB (  3%) free+waste,   179.94 KB ( <1%) overhead. 

Virtual space:
  Non-class space:       34.00 MB reserved,      30.25 MB ( 89%) committed 
      Class space:        1.00 GB reserved,       4.50 MB ( <1%) committed 
             Both:        1.03 GB reserved,      34.75 MB (  3%) committed 

Chunk freelists:
   Non-Class:  31.00 KB
       Class:  0 bytes
        Both:  31.00 KB

MaxMetaspaceSize: 17179869184.00 GB
CompressedClassSpaceSize: 1.00 GB
Initial GC threshold: 20.80 MB
Current GC threshold: 34.87 MB
CDS: off

CodeHeap 'non-profiled nmethods': size=119168Kb used=1448Kb max_used=1448Kb free=117719Kb
 bounds [0x000001e607ba0000, 0x000001e607e10000, 0x000001e60f000000]
CodeHeap 'profiled nmethods': size=119168Kb used=6001Kb max_used=6001Kb free=113167Kb
 bounds [0x000001e600740000, 0x000001e600d20000, 0x000001e607ba0000]
CodeHeap 'non-nmethods': size=7424Kb used=2961Kb max_used=3009Kb free=4462Kb
 bounds [0x000001e600000000, 0x000001e600300000, 0x000001e600740000]
 total_blobs=3333 nmethods=2787 adapters=455
 compilation: enabled
              stopped_count=0, restarted_count=0
 full_count=0

Compilation events (20 events):
Event: 1.926 Thread 0x000001e67cb9b800 nmethod 2759 0x000001e607d01990 code [0x000001e607d01b40, 0x000001e607d02138]
Event: 1.926 Thread 0x000001e67cb9b800 2765       4       java.lang.reflect.ProxyGenerator$ConstantPool::getValue (87 bytes)
Event: 1.930 Thread 0x000001e67c3e2800 2776       3       java.lang.invoke.LambdaForm$NamedFunction::<init> (82 bytes)
Event: 1.930 Thread 0x000001e67c3e2800 nmethod 2776 0x000001e600d16110 code [0x000001e600d162e0, 0x000001e600d16558]
Event: 1.931 Thread 0x000001e67cb98000 2777   !   3       jdk.internal.loader.BuiltinClassLoader$2::run (114 bytes)
Event: 1.932 Thread 0x000001e67cb9c000 2780       3       sun.nio.cs.UTF_8$Decoder::xflow (31 bytes)
Event: 1.932 Thread 0x000001e67cb9c000 nmethod 2780 0x000001e600d16610 code [0x000001e600d16820, 0x000001e600d16d38]
Event: 1.932 Thread 0x000001e67cb98000 nmethod 2777 0x000001e600d16f10 code [0x000001e600d171c0, 0x000001e600d17fb8]
Event: 1.935 Thread 0x000001e67bb0a000 2781       3       java.net.URL::openConnection (9 bytes)
Event: 1.935 Thread 0x000001e67cb9c000 2783       3       java.net.URLConnection::getDefaultUseCaches (30 bytes)
Event: 1.935 Thread 0x000001e67c3e2800 2782       3       java.net.URLConnection::<init> (62 bytes)
Event: 1.935 Thread 0x000001e67bb0a000 nmethod 2781 0x000001e600d18490 code [0x000001e600d18640, 0x000001e600d18808]
Event: 1.935 Thread 0x000001e67cb9c000 nmethod 2783 0x000001e600d18910 code [0x000001e600d18b20, 0x000001e600d18fc8]
Event: 1.935 Thread 0x000001e67c3e2800 nmethod 2782 0x000001e600d19190 code [0x000001e600d193c0, 0x000001e600d19a88]
Event: 1.936 Thread 0x000001e67cb99800 nmethod 2772 0x000001e607d02710 code [0x000001e607d02940, 0x000001e607d04d38]
Event: 1.936 Thread 0x000001e67cb99800 2778       4       jdk.internal.jimage.ImageStringsReader::charsFromByteBufferLength (47 bytes)
Event: 1.937 Thread 0x000001e67cb99800 nmethod 2778 0x000001e607d05690 code [0x000001e607d05840, 0x000001e607d05978]
Event: 1.937 Thread 0x000001e67cb99800 2779       4       jdk.internal.jimage.ImageStringsReader::charsFromByteBuffer (186 bytes)
Event: 1.940 Thread 0x000001e67cb99800 nmethod 2779 0x000001e607d05b10 code [0x000001e607d05cc0, 0x000001e607d06018]
Event: 1.940 Thread 0x000001e67cb99800 2769       4       java.io.DataOutputStream::writeByte (14 bytes)

GC Heap History (6 events):
Event: 0.387 GC heap before
{Heap before GC invocations=0 (full 0):
 garbage-first heap   total 260096K, used 23552K [0x00000000e0000000, 0x0000000100000000)
  region size 1024K, 24 young (24576K), 0 survivors (0K)
 Metaspace       used 13181K, capacity 13535K, committed 13824K, reserved 1060864K
  class space    used 1366K, capacity 1441K, committed 1536K, reserved 1048576K
}
Event: 0.390 GC heap after
{Heap after GC invocations=1 (full 0):
 garbage-first heap   total 260096K, used 6792K [0x00000000e0000000, 0x0000000100000000)
  region size 1024K, 3 young (3072K), 3 survivors (3072K)
 Metaspace       used 13181K, capacity 13535K, committed 13824K, reserved 1060864K
  class space    used 1366K, capacity 1441K, committed 1536K, reserved 1048576K
}
Event: 0.662 GC heap before
{Heap before GC invocations=1 (full 0):
 garbage-first heap   total 260096K, used 36488K [0x00000000e0000000, 0x0000000100000000)
  region size 1024K, 33 young (33792K), 3 survivors (3072K)
 Metaspace       used 20418K, capacity 21251K, committed 21296K, reserved 1069056K
  class space    used 2238K, capacity 2560K, committed 2560K, reserved 1048576K
}
Event: 0.667 GC heap after
{Heap after GC invocations=2 (full 0):
 garbage-first heap   total 260096K, used 10032K [0x00000000e0000000, 0x0000000100000000)
  region size 1024K, 7 young (7168K), 7 survivors (7168K)
 Metaspace       used 20418K, capacity 21251K, committed 21296K, reserved 1069056K
  class space    used 2238K, capacity 2560K, committed 2560K, reserved 1048576K
}
Event: 0.900 GC heap before
{Heap before GC invocations=3 (full 0):
 garbage-first heap   total 260096K, used 52016K [0x00000000e0000000, 0x0000000100000000)
  region size 1024K, 48 young (49152K), 7 survivors (7168K)
 Metaspace       used 25607K, capacity 26415K, committed 26496K, reserved 1073152K
  class space    used 2881K, capacity 3197K, committed 3200K, reserved 1048576K
}
Event: 0.903 GC heap after
{Heap after GC invocations=4 (full 0):
 garbage-first heap   total 260096K, used 12903K [0x00000000e0000000, 0x0000000100000000)
  region size 1024K, 6 young (6144K), 6 survivors (6144K)
 Metaspace       used 25607K, capacity 26415K, committed 26496K, reserved 1073152K
  class space    used 2881K, capacity 3197K, committed 3200K, reserved 1048576K
}

Deoptimization events (20 events):
Event: 1.910 Thread 0x000001e66e845800 Uncommon trap: trap_request=0xffffff4d fr.pc=0x000001e607c58a2c relative=0x000000000000008c
Event: 1.910 Thread 0x000001e66e845800 Uncommon trap: reason=unstable_if action=reinterpret pc=0x000001e607c58a2c method=java.util.HashMap.hash(Ljava/lang/Object;)I @ 1 c2
Event: 1.910 Thread 0x000001e66e845800 DEOPT PACKING pc=0x000001e607c58a2c sp=0x000000e30d3fa9c0
Event: 1.910 Thread 0x000001e66e845800 DEOPT UNPACKING pc=0x000001e6000085af sp=0x000000e30d3fa958 mode 2
Event: 1.918 Thread 0x000001e66e845800 Uncommon trap: trap_request=0xffffffde fr.pc=0x000001e607c7c77c relative=0x000000000000025c
Event: 1.918 Thread 0x000001e66e845800 Uncommon trap: reason=class_check action=maybe_recompile pc=0x000001e607c7c77c method=java.lang.String.equals(Ljava/lang/Object;)Z @ 8 c2
Event: 1.918 Thread 0x000001e66e845800 DEOPT PACKING pc=0x000001e607c7c77c sp=0x000000e30d3fab40
Event: 1.918 Thread 0x000001e66e845800 DEOPT UNPACKING pc=0x000001e6000085af sp=0x000000e30d3faac8 mode 2
Event: 1.918 Thread 0x000001e66e845800 Uncommon trap: trap_request=0xffffffde fr.pc=0x000001e607c7c77c relative=0x000000000000025c
Event: 1.918 Thread 0x000001e66e845800 Uncommon trap: reason=class_check action=maybe_recompile pc=0x000001e607c7c77c method=java.lang.String.equals(Ljava/lang/Object;)Z @ 8 c2
Event: 1.918 Thread 0x000001e66e845800 DEOPT PACKING pc=0x000001e607c7c77c sp=0x000000e30d3faa40
Event: 1.918 Thread 0x000001e66e845800 DEOPT UNPACKING pc=0x000001e6000085af sp=0x000000e30d3fa9c8 mode 2
Event: 1.918 Thread 0x000001e66e845800 Uncommon trap: trap_request=0xffffffde fr.pc=0x000001e607c7c77c relative=0x000000000000025c
Event: 1.918 Thread 0x000001e66e845800 Uncommon trap: reason=class_check action=maybe_recompile pc=0x000001e607c7c77c method=java.lang.String.equals(Ljava/lang/Object;)Z @ 8 c2
Event: 1.918 Thread 0x000001e66e845800 DEOPT PACKING pc=0x000001e607c7c77c sp=0x000000e30d3fab40
Event: 1.918 Thread 0x000001e66e845800 DEOPT UNPACKING pc=0x000001e6000085af sp=0x000000e30d3faac8 mode 2
Event: 1.918 Thread 0x000001e66e845800 Uncommon trap: trap_request=0xffffffde fr.pc=0x000001e607c7c77c relative=0x000000000000025c
Event: 1.918 Thread 0x000001e66e845800 Uncommon trap: reason=class_check action=maybe_recompile pc=0x000001e607c7c77c method=java.lang.String.equals(Ljava/lang/Object;)Z @ 8 c2
Event: 1.918 Thread 0x000001e66e845800 DEOPT PACKING pc=0x000001e607c7c77c sp=0x000000e30d3fab40
Event: 1.918 Thread 0x000001e66e845800 DEOPT UNPACKING pc=0x000001e6000085af sp=0x000000e30d3faac8 mode 2

Classes redefined (0 events):
No events

Internal exceptions (20 events):
Event: 0.785 Thread 0x000001e66e845800 Exception <a 'java/lang/NoSuchMethodError'{0x00000000ee92eab8}: 'java.lang.Object java.lang.invoke.DirectMethodHandle$Holder.invokeInterface(java.lang.Object, java.lang.Object, java.lang.Object, java.lang.Object)'> (0x00000000ee92eab8) thrown at [./src/hotspot/share/interpreter/linkResolver.cpp, line 773]
Event: 0.785 Thread 0x000001e66e845800 Exception <a 'java/lang/NoSuchMethodError'{0x00000000ee93a0a0}: 'java.lang.Object java.lang.invoke.DirectMethodHandle$Holder.invokeVirtual(java.lang.Object, java.lang.Object, java.lang.Object, java.lang.Object)'> (0x00000000ee93a0a0) thrown at [./src/hotspot/share/interpreter/linkResolver.cpp, line 773]
Event: 0.846 Thread 0x000001e66e845800 Exception <a 'java/lang/NoClassDefFoundError'{0x00000000edf46d98}> (0x00000000edf46d98) thrown at [./src/hotspot/share/oops/instanceKlass.cpp, line 1029]
Event: 0.847 Thread 0x000001e66e845800 Exception <a 'java/lang/NoClassDefFoundError'{0x00000000edf6aae0}: org/apache/logging/log4j/spi/ExtendedLoggerWrapper> (0x00000000edf6aae0) thrown at [./src/hotspot/share/classfile/systemDictionary.cpp, line 219]
Event: 0.847 Thread 0x000001e66e845800 Exception <a 'java/lang/NoClassDefFoundError'{0x00000000edf8dca8}: org/apache/log4j/Priority> (0x00000000edf8dca8) thrown at [./src/hotspot/share/classfile/systemDictionary.cpp, line 219]
Event: 0.971 Thread 0x000001e66e845800 Exception <a 'java/lang/IncompatibleClassChangeError'{0x00000000ef0570b0}: Found class java.lang.Object, but interface was expected> (0x00000000ef0570b0) thrown at [./src/hotspot/share/interpreter/linkResolver.cpp, line 839]
Event: 0.986 Thread 0x000001e67f54b000 Exception <a 'java/lang/NoSuchMethodError'{0x00000000eee22c38}: 'void java.lang.invoke.DirectMethodHandle$Holder.invokeStatic(java.lang.Object, long)'> (0x00000000eee22c38) thrown at [./src/hotspot/share/interpreter/linkResolver.cpp, line 773]
Event: 0.986 Thread 0x000001e67f54b000 Exception <a 'java/lang/NoSuchMethodError'{0x00000000eee27ba8}: 'java.lang.Object java.lang.invoke.DirectMethodHandle$Holder.invokeStatic(java.lang.Object, long)'> (0x00000000eee27ba8) thrown at [./src/hotspot/share/interpreter/linkResolver.cpp, line 773]
Event: 0.988 Thread 0x000001e67f54b000 Exception <a 'java/lang/NoSuchMethodError'{0x00000000eee35980}: 'java.lang.Object java.lang.invoke.DirectMethodHandle$Holder.invokeStaticInit(java.lang.Object, java.lang.Object, long, java.lang.Object)'> (0x00000000eee35980) thrown at [./src/hotspot/share/interpreter/linkResolver.cpp, line 773]
Event: 0.988 Thread 0x000001e67f54b000 Exception <a 'java/lang/NoSuchMethodError'{0x00000000eee3b3e8}: 'java.lang.Object java.lang.invoke.DirectMethodHandle$Holder.invokeStatic(java.lang.Object, java.lang.Object, long)'> (0x00000000eee3b3e8) thrown at [./src/hotspot/share/interpreter/linkResolver.cpp, line 773]
Event: 0.988 Thread 0x000001e67f54b000 Exception <a 'java/lang/NoSuchMethodError'{0x00000000eee416b8}: 'java.lang.Object java.lang.invoke.Invokers$Holder.linkToTargetMethod(java.lang.Object, long, java.lang.Object)'> (0x00000000eee416b8) thrown at [./src/hotspot/share/interpreter/linkResolver.cpp, line 773]
Event: 1.056 Thread 0x000001e66e845800 Exception <a 'java/lang/NoSuchMethodError'{0x00000000eeb5f030}: 'double java.lang.invoke.DirectMethodHandle$Holder.invokeVirtual(java.lang.Object, java.lang.Object)'> (0x00000000eeb5f030) thrown at [./src/hotspot/share/interpreter/linkResolver.cpp, line 773]
Event: 1.057 Thread 0x000001e66e845800 Exception <a 'java/lang/NoSuchMethodError'{0x00000000eeb655e8}: 'float java.lang.invoke.DirectMethodHandle$Holder.invokeVirtual(java.lang.Object, java.lang.Object)'> (0x00000000eeb655e8) thrown at [./src/hotspot/share/interpreter/linkResolver.cpp, line 773]
Event: 1.057 Thread 0x000001e66e845800 Exception <a 'java/lang/NoSuchMethodError'{0x00000000eeb6e340}: 'long java.lang.invoke.DirectMethodHandle$Holder.invokeVirtual(java.lang.Object, java.lang.Object)'> (0x00000000eeb6e340) thrown at [./src/hotspot/share/interpreter/linkResolver.cpp, line 773]
Event: 1.075 Thread 0x000001e66e845800 Exception <a 'java/lang/NoSuchMethodError'{0x00000000ee93ea30}: 'void java.lang.invoke.DirectMethodHandle$Holder.invokeStatic(java.lang.Object, java.lang.Object, int)'> (0x00000000ee93ea30) thrown at [./src/hotspot/share/interpreter/linkResolver.cpp, line 773]
Event: 1.107 Thread 0x000001e66e845800 Exception <a 'java/lang/NoSuchMethodError'{0x00000000ee57bab8}: 'int java.lang.invoke.DirectMethodHandle$Holder.invokeSpecialIFC(java.lang.Object, java.lang.Object, java.lang.Object)'> (0x00000000ee57bab8) thrown at [./src/hotspot/share/interpreter/linkResolver.cpp, line 773]
Event: 1.748 Thread 0x000001e66e845800 Exception <a 'java/lang/NoSuchMethodError'{0x00000000ece877c8}: 'java.lang.Object java.lang.invoke.DirectMethodHandle$Holder.invokeSpecialIFC(java.lang.Object, java.lang.Object, java.lang.Object)'> (0x00000000ece877c8) thrown at [./src/hotspot/share/interpreter/linkResolver.cpp, line 773]
Event: 1.910 Thread 0x000001e66e845800 Implicit null exception at 0x000001e607c6e13b to 0x000001e607c6e7fc
Event: 1.910 Thread 0x000001e66e845800 Implicit null exception at 0x000001e607c589af to 0x000001e607c58a1d
Event: 1.930 Thread 0x000001e66e845800 Exception <a 'java/lang/NoSuchMethodError'{0x00000000ebe62e20}: 'long java.lang.invoke.DirectMethodHandle$Holder.invokeSpecial(java.lang.Object, java.lang.Object)'> (0x00000000ebe62e20) thrown at [./src/hotspot/share/interpreter/linkResolver.cpp, line 773]

Events (20 events):
Event: 1.940 loading class com/codeborne/selenide/commands/ShouldNotBe
Event: 1.940 loading class com/codeborne/selenide/commands/ShouldNotBe done
Event: 1.940 loading class com/codeborne/selenide/commands/DownloadFile
Event: 1.940 loading class com/codeborne/selenide/commands/DownloadFile done
Event: 1.940 loading class com/codeborne/selenide/impl/DownloadFileWithHttpRequest
Event: 1.940 loading class com/codeborne/selenide/impl/DownloadFileWithHttpRequest done
Event: 1.941 loading class com/codeborne/selenide/ex/TimeoutException
Event: 1.941 loading class com/codeborne/selenide/ex/TimeoutException done
Event: 1.941 loading class com/codeborne/selenide/impl/Downloader
Event: 1.941 loading class com/codeborne/selenide/impl/Downloader done
Event: 1.941 loading class com/codeborne/selenide/impl/Randomizer
Event: 1.941 loading class com/codeborne/selenide/impl/Randomizer done
Event: 1.941 loading class com/codeborne/selenide/impl/HttpHelper
Event: 1.941 loading class com/codeborne/selenide/impl/HttpHelper done
Event: 1.942 loading class com/codeborne/selenide/impl/DownloadFileWithProxyServer
Event: 1.942 loading class com/codeborne/selenide/impl/DownloadFileWithProxyServer done
Event: 1.942 Executing VM operation: CollectForMetadataAllocation
Event: 1.942 Executing VM operation: CollectForMetadataAllocation done
Event: 1.942 loading class com/codeborne/selenide/impl/Waiter
Event: 1.942 loading class com/codeborne/selenide/impl/Waiter done


Dynamic libraries:
0x00007ff668f10000 - 0x00007ff668f1d000 	C:\Users\gvynh\.jdks\corretto-11.0.17\bin\java.exe
0x00007ffead770000 - 0x00007ffead966000 	C:\Windows\SYSTEM32\ntdll.dll
0x00007ffeac2f0000 - 0x00007ffeac3ad000 	C:\Windows\System32\KERNEL32.DLL
0x00007ffeab180000 - 0x00007ffeab448000 	C:\Windows\System32\KERNELBASE.dll
0x00007ffeab4a0000 - 0x00007ffeab5a0000 	C:\Windows\System32\ucrtbase.dll
0x00007ffe997e0000 - 0x00007ffe997f7000 	C:\Users\gvynh\.jdks\corretto-11.0.17\bin\jli.dll
0x00007ffe997c0000 - 0x00007ffe997d9000 	C:\Users\gvynh\.jdks\corretto-11.0.17\bin\VCRUNTIME140.dll
0x00007ffeabef0000 - 0x00007ffeac090000 	C:\Windows\System32\USER32.dll
0x00007ffeab0f0000 - 0x00007ffeab112000 	C:\Windows\System32\win32u.dll
0x00007ffeac090000 - 0x00007ffeac0ba000 	C:\Windows\System32\GDI32.dll
0x00007ffe999b0000 - 0x00007ffe99c4b000 	C:\Windows\WinSxS\amd64_microsoft.windows.common-controls_6595b64144ccf1df_6.0.19041.488_none_ca04af081b815d21\COMCTL32.dll
0x00007ffeab6d0000 - 0x00007ffeab7d9000 	C:\Windows\System32\gdi32full.dll
0x00007ffeac9f0000 - 0x00007ffeaca8e000 	C:\Windows\System32\msvcrt.dll
0x00007ffeab020000 - 0x00007ffeab0bd000 	C:\Windows\System32\msvcp_win.dll
0x00007ffeac950000 - 0x00007ffeac980000 	C:\Windows\System32\IMM32.DLL
0x00007ffe85900000 - 0x00007ffe8599b000 	C:\Users\gvynh\.jdks\corretto-11.0.17\bin\msvcp140.dll
0x00007ffe5c2c0000 - 0x00007ffe5ce45000 	C:\Users\gvynh\.jdks\corretto-11.0.17\bin\server\jvm.dll
0x00007ffeac880000 - 0x00007ffeac92a000 	C:\Windows\System32\ADVAPI32.dll
0x00007ffeaca90000 - 0x00007ffeacb2b000 	C:\Windows\System32\sechost.dll
0x00007ffeacdf0000 - 0x00007ffeacf14000 	C:\Windows\System32\RPCRT4.dll
0x00007ffead710000 - 0x00007ffead718000 	C:\Windows\System32\PSAPI.DLL
0x00007ffe9d8c0000 - 0x00007ffe9d8e7000 	C:\Windows\SYSTEM32\WINMM.dll
0x00007ffe86780000 - 0x00007ffe86789000 	C:\Windows\SYSTEM32\WSOCK32.dll
0x00007ffea5810000 - 0x00007ffea581a000 	C:\Windows\SYSTEM32\VERSION.dll
0x00007ffeabb20000 - 0x00007ffeabb8b000 	C:\Windows\System32\WS2_32.dll
0x00007ffea8e30000 - 0x00007ffea8e42000 	C:\Windows\SYSTEM32\kernel.appcore.dll
0x00007ffe92c30000 - 0x00007ffe92c40000 	C:\Users\gvynh\.jdks\corretto-11.0.17\bin\verify.dll
0x00007ffe9c060000 - 0x00007ffe9c244000 	C:\Windows\SYSTEM32\DBGHELP.DLL
0x00007ffe93130000 - 0x00007ffe9315c000 	C:\Windows\SYSTEM32\dbgcore.DLL
0x00007ffeab650000 - 0x00007ffeab6cf000 	C:\Windows\System32\bcryptPrimitives.dll
0x00007ffe8f3e0000 - 0x00007ffe8f408000 	C:\Users\gvynh\.jdks\corretto-11.0.17\bin\java.dll
0x00007ffe8f3b0000 - 0x00007ffe8f3ba000 	C:\Users\gvynh\.jdks\corretto-11.0.17\bin\jimage.dll
0x00007ffe8dcb0000 - 0x00007ffe8dcc8000 	C:\Users\gvynh\.jdks\corretto-11.0.17\bin\zip.dll
0x00007ffeacf20000 - 0x00007ffead660000 	C:\Windows\System32\SHELL32.dll
0x00007ffea9030000 - 0x00007ffea97c4000 	C:\Windows\SYSTEM32\windows.storage.dll
0x00007ffeabb90000 - 0x00007ffeabee5000 	C:\Windows\System32\combase.dll
0x00007ffeaa930000 - 0x00007ffeaa95c000 	C:\Windows\SYSTEM32\Wldp.dll
0x00007ffeacb30000 - 0x00007ffeacbde000 	C:\Windows\System32\SHCORE.dll
0x00007ffeab7e0000 - 0x00007ffeab835000 	C:\Windows\System32\shlwapi.dll
0x00007ffeaadf0000 - 0x00007ffeaae16000 	C:\Windows\SYSTEM32\profapi.dll
0x00007ffe8dba0000 - 0x00007ffe8dbb9000 	C:\Users\gvynh\.jdks\corretto-11.0.17\bin\net.dll
0x00007ffea5aa0000 - 0x00007ffea5ba0000 	C:\Windows\SYSTEM32\WINHTTP.dll
0x00007ffeaa6b0000 - 0x00007ffeaa71a000 	C:\Windows\system32\mswsock.dll
0x00007ffe8d840000 - 0x00007ffe8d853000 	C:\Users\gvynh\.jdks\corretto-11.0.17\bin\nio.dll
0x00007ffeaa880000 - 0x00007ffeaa898000 	C:\Windows\SYSTEM32\CRYPTSP.dll
0x00007ffea9fd0000 - 0x00007ffeaa004000 	C:\Windows\system32\rsaenh.dll
0x00007ffeab0c0000 - 0x00007ffeab0e7000 	C:\Windows\System32\bcrypt.dll
0x00007ffeaadb0000 - 0x00007ffeaadde000 	C:\Windows\SYSTEM32\USERENV.dll
0x00007ffeaa8a0000 - 0x00007ffeaa8ac000 	C:\Windows\SYSTEM32\CRYPTBASE.dll
0x00007ffeaa350000 - 0x00007ffeaa38b000 	C:\Windows\SYSTEM32\IPHLPAPI.DLL
0x00007ffead720000 - 0x00007ffead729000 	C:\Windows\System32\NSI.dll
0x00007ffea4f20000 - 0x00007ffea4f37000 	C:\Windows\SYSTEM32\dhcpcsvc6.DLL
0x00007ffea5820000 - 0x00007ffea583d000 	C:\Windows\SYSTEM32\dhcpcsvc.DLL
0x00007ffeaa390000 - 0x00007ffeaa45b000 	C:\Windows\SYSTEM32\DNSAPI.dll
0x00007ffe85cc0000 - 0x00007ffe85cd7000 	C:\Windows\system32\napinsp.dll
0x00007ffe85ca0000 - 0x00007ffe85cbb000 	C:\Windows\system32\pnrpnsp.dll
0x00007ffe89970000 - 0x00007ffe89985000 	C:\Windows\system32\wshbth.dll
0x00007ffea6dc0000 - 0x00007ffea6ddd000 	C:\Windows\system32\NLAapi.dll
0x00007ffe85c80000 - 0x00007ffe85c92000 	C:\Windows\System32\winrnr.dll
0x00007ffe9c480000 - 0x00007ffe9c48a000 	C:\Windows\System32\rasadhlp.dll
0x00007ffe9c360000 - 0x00007ffe9c3df000 	C:\Windows\System32\fwpuclnt.dll
0x00007ffea64e0000 - 0x00007ffea64e9000 	C:\Users\gvynh\.jdks\corretto-11.0.17\bin\management.dll
0x00007ffea64c0000 - 0x00007ffea64cb000 	C:\Users\gvynh\.jdks\corretto-11.0.17\bin\management_ext.dll
0x00007ffea7bb0000 - 0x00007ffea7bbe000 	C:\Users\gvynh\.jdks\corretto-11.0.17\bin\sunmscapi.dll
0x00007ffeaaec0000 - 0x00007ffeab01d000 	C:\Windows\System32\CRYPT32.dll
0x00007ffeaa9a0000 - 0x00007ffeaa9c7000 	C:\Windows\SYSTEM32\ncrypt.dll
0x00007ffeaa960000 - 0x00007ffeaa99b000 	C:\Windows\SYSTEM32\NTASN1.dll
0x00007ffe96e10000 - 0x00007ffe96e35000 	C:\Users\gvynh\.jdks\corretto-11.0.17\bin\sunec.dll

dbghelp: loaded successfully - version: 4.0.5 - missing functions: none
symbol engine: initialized successfully - sym options: 0x614 - pdb path: .;C:\Users\gvynh\.jdks\corretto-11.0.17\bin;C:\Windows\SYSTEM32;C:\Windows\WinSxS\amd64_microsoft.windows.common-controls_6595b64144ccf1df_6.0.19041.488_none_ca04af081b815d21;C:\Users\gvynh\.jdks\corretto-11.0.17\bin\server

VM Arguments:
jvm_args: -Dorg.gradle.internal.worker.tmpdir=E:\NTLG_Testing_Automation\HW_Card-Delivery-Selenide\build\tmp\test\work -Dorg.gradle.native=false -Dselenide.headless --add-opens=java.base/java.util=ALL-UNNAMED --add-opens=java.base/java.lang=ALL-UNNAMED -Xmx512m -Dfile.encoding=windows-1251 -Duser.country=RU -Duser.language=ru -Duser.variant -ea 
java_command: worker.org.gradle.process.internal.worker.GradleWorkerMain 'Gradle Test Executor 35'
java_class_path (initial): C:\\Users\\gvynh\\.gradle\\caches\\7.4\\workerMain\\gradle-worker.jar;E:\\NTLG_Testing_Automation\\HW_Card-Delivery-Selenide\\build\\classes\\java\\test;C:\\Users\\gvynh\\.gradle\\caches\\modules-2\\files-2.1\\org.junit.platform\\junit-platform-engine\\1.8.1\\e6c63bf990dc88a6527b4ed617b23e47048f07e0\\junit-platform-engine-1.8.1.jar;C:\\Users\\gvynh\\.gradle\\caches\\modules-2\\files-2.1\\org.junit.platform\\junit-platform-commons\\1.8.1\\1e362cbe6d0f225b066757865e233972557484\\junit-platform-commons-1.8.1.jar;C:\\Users\\gvynh\\.gradle\\caches\\modules-2\\files-2.1\\org.junit.jupiter\\junit-jupiter-engine\\5.8.1\\21b86e08aae2720bbf017703669948be96d1388c\\junit-jupiter-engine-5.8.1.jar;C:\\Users\\gvynh\\.gradle\\caches\\modules-2\\files-2.1\\org.junit.jupiter\\junit-jupiter-api\\5.8.1\\6538b88eb8bf8811bc7b6efb5246f835c15e0bfe\\junit-jupiter-api-5.8.1.jar;C:\\Users\\gvynh\\.gradle\\caches\\modules-2\\files-2.1\\com.codeborne\\selenide\\6.12.3\\9f68e76f0c05f176411a41296694ee7611ba8a2f\\selenide-6.12.3.jar;C:\\Users\\gvynh\\.gradle\\caches\\modules-2\\files-2.1\\com.codeborne\\selenide-core\\6.12.3\\5d88d0954c16a12f84cf83924b9c301db29fff07\\selenide-core-6.12.3.jar;C:\\Users\\gvynh\\.gradle\\caches\\modules-2\\files-2.1\\io.github.bonigarcia\\webdrivermanager\\5.3.2\\a63ced3a4dd0c1a4fea105f16249ccf7489305d0\\webdrivermanager-5.3.2.jar;C:\\Users\\gvynh\\.gradle\\caches\\modules-2\\files-2.1\\org.opentest4j\\opentest4j\\1.2.0\\28c11eb91f9b6d8e200631d46e20a7f407f2a046\\opentest4j-1.2.0.jar;C:\\Users\\gvynh\\.gradle\\caches\\modules-2\\files-2.1\\org.seleniumhq.selenium\\selenium-java\\4.8.1\\18cef0adbc08d152da07b234a04f6e8240ce215f\\selenium-java-4.8.1.jar;C:\\Users\\gvynh\\.gradle\\caches\\modules-2\\files-2.1\\org.seleniumhq.selenium\\selenium-chrome-driver\\4.8.1\\4530c7747b1b19139b17ea6e289d6c93cb34b3c4\\selenium-chrome-driver-4.8.1.jar;C:\\Users\\gvynh\\.gradle\\caches\\modules-2\\files-2.1\\org.seleniumhq.selenium\\selenium-devtools-v108\\
Launcher Type: SUN_STANDARD

[Global flags]
     intx CICompilerCount                          = 12                                        {product} {ergonomic}
     uint ConcGCThreads                            = 3                                         {product} {ergonomic}
     uint G1ConcRefinementThreads                  = 13                                        {product} {ergonomic}
   size_t G1HeapRegionSize                         = 1048576                                   {product} {ergonomic}
    uintx GCDrainStackTargetSize                   = 64                                        {product} {ergonomic}
   size_t InitialHeapSize                          = 266338304                                 {product} {ergonomic}
   size_t MarkStackSize                            = 4194304                                   {product} {ergonomic}
   size_t MaxHeapSize                              = 536870912                                 {product} {command line}
   size_t MaxNewSize                               = 321912832                                 {product} {ergonomic}
   size_t MinHeapDeltaBytes                        = 1048576                                   {product} {ergonomic}
    uintx NonNMethodCodeHeapSize                   = 7594288                                {pd product} {ergonomic}
    uintx NonProfiledCodeHeapSize                  = 122031976                              {pd product} {ergonomic}
    uintx ProfiledCodeHeapSize                     = 122031976                              {pd product} {ergonomic}
    uintx ReservedCodeCacheSize                    = 251658240                              {pd product} {ergonomic}
     bool SegmentedCodeCache                       = true                                      {product} {ergonomic}
     bool UseCompressedClassPointers               = true                                 {lp64_product} {ergonomic}
     bool UseCompressedOops                        = true                                 {lp64_product} {ergonomic}
     bool UseG1GC                                  = true                                      {product} {ergonomic}
     bool UseLargePagesIndividualAllocation        = false                                  {pd product} {ergonomic}

Logging:
Log output configuration:
 #0: stdout all=warning uptime,level,tags
 #1: stderr all=off uptime,level,tags

Environment Variables:
PATH=C:\Program Files (x86)\Common Files\Intel\Shared Libraries\redist\intel64\compiler;C:\Program Files\Eclipse Adoptium\jdk-11.0.17.8-hotspot\bin;C:\Windows\system32;C:\Windows;C:\Windows\System32\Wbem;C:\Windows\System32\WindowsPowerShell\v1.0\;C:\Windows\System32\OpenSSH\;C:\Program Files\NVIDIA Corporation\NVIDIA NvDLISR;C:\Program Files (x86)\NVIDIA Corporation\PhysX\Common;C:\Program Files\dotnet\;C:\Program Files\Git\cmd;C:\Users\gvynh\AppData\Local\Microsoft\WindowsApps;;C:\Users\gvynh\AppData\Local\Programs\Microsoft VS Code\bin
USERNAME=gvynh
OS=Windows_NT
PROCESSOR_IDENTIFIER=Intel64 Family 6 Model 167 Stepping 1, GenuineIntel
TMP=C:\Users\gvynh\AppData\Local\Temp
TEMP=C:\Users\gvynh\AppData\Local\Temp



---------------  S Y S T E M  ---------------

OS: Windows 10 , 64 bit Build 19041 (10.0.19041.546)
OS uptime: 0 days 3:35 hours

CPU:total 16 (initial active 16) (8 cores per cpu, 2 threads per core) family 6 model 167 stepping 1 microcode 0x50, cmov, cx8, fxsr, mmx, sse, sse2, sse3, ssse3, sse4.1, sse4.2, popcnt, avx, avx2, aes, clmul, erms, 3dnowpref, lzcnt, ht, tsc, tscinvbit, bmi1, bmi2, adx, evex, sha, fma

Memory: 4k page, system-wide physical 16134M (5176M free)
TotalPageFile size 18182M (AvailPageFile size 5M)
current process WorkingSet (physical memory assigned to process): 218M, peak: 218M
current process commit charge ("private bytes"): 448M, peak: 448M

vm_info: OpenJDK 64-Bit Server VM (11.0.17+8-LTS) for windows-amd64 JRE (11.0.17+8-LTS), built on Oct 14 2022 18:02:01 by "Administrator" with MS VC++ 15.9 (VS2017)

END.
